<?xml version="1.0" encoding="UTF-8"?>
<testsuites name="Usecase5" time="30.543" tests="3" failures="0" errors="0">
   <testsuite name="Usecase5" tests="3" failures="0" errors="0" time="30.543" timestamp="2020-06-16 08:22:48" hostname="WIN10 - DESKTOP-0NVCT6K" id="Test Suites/Usecase5">
      <properties>
         <property name="deviceName" value=""/>
         <property name="devicePlatform" value=""/>
         <property name="logFolder" value="C:\\Users\\WIN10\\git\\Account\\Reports\\20200616_082247\\Usecase5\\20200616_082247"/>
         <property name="logFiles" value="C:\\Users\\WIN10\\git\\Account\\Reports\\20200616_082247\\Usecase5\\20200616_082247\\execution0.log"/>
         <property name="attachments" value=""/>
         <property name="hostName" value="WIN10 - DESKTOP-0NVCT6K"/>
         <property name="os" value="Windows 10 64bit"/>
         <property name="katalonVersion" value="7.5.2.1"/>
         <property name="browser" value="Chrome 83.0.4103.97"/>
         <property name="hostAddress" value="192.168.1.2"/>
         <property name="sessionId" value="ac0d4bcce88f7e8c5edad7f87b158c83"/>
         <property name="seleniumVersion" value="3.141.59"/>
         <property name="proxyInformation" value="ProxyInformation { proxyOption=NO_PROXY, proxyServerType=HTTP, username=, password=********, proxyServerAddress=, proxyServerPort=0, executionList=\&quot;\&quot;, isApplyToDesiredCapabilities=true }"/>
         <property name="platform" value="Windows 10"/>
      </properties>
      <testcase name="Test Cases/Test Case 1" time="9.655" classname="Test Cases/Test Case 1" status="PASSED">
         <system-out><![CDATA[2020-06-16 08:22:48 - [TEST_CASE][PASSED] - Test Cases/Test Case 1: Test Cases/Test Case 1

2020-06-16 08:22:49 - [TEST_STEP][PASSED] - openBrowser("http://crmc.opencloud.digital:64216/index.php"): Browser is opened with url: 'http://crmc.opencloud.digital:64216/index.php'

2020-06-16 08:22:49 - [MESSAGE][INFO] - Starting 'Chrome' driver

2020-06-16 08:22:49 - [MESSAGE][INFO] - Action delay is set to 0 milliseconds

2020-06-16 08:22:53 - [MESSAGE][PASSED] - Browser is opened with url: 'http://crmc.opencloud.digital:64216/index.php'

2020-06-16 08:22:53 - [TEST_STEP][PASSED] - maximizeWindow(): Current window maximized

2020-06-16 08:22:55 - [MESSAGE][PASSED] - Current window maximized

2020-06-16 08:22:55 - [TEST_STEP][PASSED] - setText(findTestObject("Login/input_User name_username"), findTestData("D1").getValue(1, 1)): Text 'Admin' is set on object 'Object Repository/Login/input_User name_username'

2020-06-16 08:22:56 - [MESSAGE][PASSED] - Text 'Admin' is set on object 'Object Repository/Login/input_User name_username'

2020-06-16 08:22:56 - [TEST_STEP][PASSED] - setText(findTestObject("Login/input_Password_password"), findTestData("D1").getValue(2, 1)): Text '1qaz2WSX3edc ' is set on object 'Object Repository/Login/input_Password_password'

2020-06-16 08:22:57 - [MESSAGE][PASSED] - Text '1qaz2WSX3edc ' is set on object 'Object Repository/Login/input_Password_password'

2020-06-16 08:22:57 - [TEST_STEP][PASSED] - click(findTestObject("Login/button_Sign in")): Object: 'Object Repository/Login/button_Sign in' is clicked on

2020-06-16 08:22:58 - [MESSAGE][PASSED] - Object: 'Object Repository/Login/button_Sign in' is clicked on]]></system-out>
         <system-err><![CDATA[]]></system-err>
      </testcase>
      <testcase name="Test Cases/Test Case 5" time="15.383" classname="Test Cases/Test Case 5" status="PASSED">
         <system-out><![CDATA[2020-06-16 08:22:58 - [TEST_CASE][PASSED] - Test Cases/Test Case 5: Test Cases/Test Case 5

2020-06-16 08:22:58 - [TEST_STEP][PASSED] - click(findTestObject("Page_Home/strong_Accounts")): Object: 'Object Repository/Page_Home/strong_Accounts' is clicked on

2020-06-16 08:23:05 - [MESSAGE][PASSED] - Object: 'Object Repository/Page_Home/strong_Accounts' is clicked on

2020-06-16 08:23:05 - [TEST_STEP][PASSED] - setText(findTestObject("Page_Accounts/Search Account Name"), findTestData("D4").getValue(1, 1)): Text 'บริษัท วี จี ไอ โกลบอล มีเดีย จำกัด (มหาชน) ' is set on object 'Object Repository/Page_Accounts/Search Account Name'

2020-06-16 08:23:06 - [MESSAGE][PASSED] - Text 'บริษัท วี จี ไอ โกลบอล มีเดีย จำกัด (มหาชน) ' is set on object 'Object Repository/Page_Accounts/Search Account Name'

2020-06-16 08:23:06 - [TEST_STEP][PASSED] - click(findTestObject("Page_Accounts/button_Search")): Object: 'Object Repository/Page_Accounts/button_Search' is clicked on

2020-06-16 08:23:07 - [MESSAGE][PASSED] - Object: 'Object Repository/Page_Accounts/button_Search' is clicked on

2020-06-16 08:23:07 - [TEST_STEP][PASSED] - click(findTestObject("Page_Accounts/click v g o")): Object: 'Object Repository/Page_Accounts/click v g o' is clicked on

2020-06-16 08:23:14 - [MESSAGE][PASSED] - Object: 'Object Repository/Page_Accounts/click v g o' is clicked on]]></system-out>
         <system-err><![CDATA[]]></system-err>
      </testcase>
      <testcase name="Test Cases/Test Case 7" time="4.682" classname="Test Cases/Test Case 7" status="PASSED">
         <system-out><![CDATA[2020-06-16 08:23:14 - [TEST_CASE][PASSED] - Test Cases/Test Case 7: Test Cases/Test Case 7

2020-06-16 08:23:14 - [TEST_STEP][PASSED] - click(findTestObject("Page_Accounts/button_Request Edit Account")): Object: 'Object Repository/Page_Accounts/button_Request Edit Account' is clicked on

2020-06-16 08:23:15 - [MESSAGE][PASSED] - Object: 'Object Repository/Page_Accounts/button_Request Edit Account' is clicked on

2020-06-16 08:23:15 - [TEST_STEP][PASSED] - setText(findTestObject("Page_Accounts/input__Remark"), findTestData("D5").getValue(2, 1)): Text 'Wrong selection' is set on object 'Object Repository/Page_Accounts/input__Remark'

2020-06-16 08:23:16 - [MESSAGE][PASSED] - Text 'Wrong selection' is set on object 'Object Repository/Page_Accounts/input__Remark'

2020-06-16 08:23:16 - [TEST_STEP][PASSED] - click(findTestObject("Page_Accounts/button_Save request edit")): Object: 'Object Repository/Page_Accounts/button_Save request edit' is clicked on

2020-06-16 08:23:16 - [MESSAGE][PASSED] - Object: 'Object Repository/Page_Accounts/button_Save request edit' is clicked on

2020-06-16 08:23:16 - [TEST_STEP][PASSED] - click(findTestObject("Page_Accounts/request edit a_Yes")): Object: 'Object Repository/Page_Accounts/request edit a_Yes' is clicked on

2020-06-16 08:23:18 - [MESSAGE][PASSED] - Object: 'Object Repository/Page_Accounts/request edit a_Yes' is clicked on]]></system-out>
         <system-err><![CDATA[]]></system-err>
      </testcase>
      <system-out><![CDATA[2020-06-16 08:22:48 - [TEST_SUITE][PASSED] - Usecase5: Test Cases/Test Case 7]]></system-out>
      <system-err><![CDATA[]]></system-err>
   </testsuite>
</testsuites>
