<?xml version="1.0" encoding="UTF-8"?>
<testsuites name="Usecase8" time="38.32" tests="3" failures="0" errors="0">
   <testsuite name="Usecase8" tests="3" failures="0" errors="0" time="38.32" timestamp="2020-06-16 09:23:15" hostname="WIN10 - DESKTOP-0NVCT6K" id="Test Suites/Usecase8">
      <properties>
         <property name="deviceName" value=""/>
         <property name="devicePlatform" value=""/>
         <property name="logFolder" value="C:\\Users\\WIN10\\git\\Account\\Reports\\20200616_092314\\Usecase8\\20200616_092314"/>
         <property name="logFiles" value="C:\\Users\\WIN10\\git\\Account\\Reports\\20200616_092314\\Usecase8\\20200616_092314\\execution0.log"/>
         <property name="attachments" value=""/>
         <property name="hostName" value="WIN10 - DESKTOP-0NVCT6K"/>
         <property name="os" value="Windows 10 64bit"/>
         <property name="katalonVersion" value="7.5.2.1"/>
         <property name="browser" value="Chrome 83.0.4103.97"/>
         <property name="hostAddress" value="192.168.1.2"/>
         <property name="sessionId" value="ade16ada5c981e54857866386472e4b4"/>
         <property name="seleniumVersion" value="3.141.59"/>
         <property name="proxyInformation" value="ProxyInformation { proxyOption=NO_PROXY, proxyServerType=HTTP, username=, password=********, proxyServerAddress=, proxyServerPort=0, executionList=\&quot;\&quot;, isApplyToDesiredCapabilities=true }"/>
         <property name="platform" value="Windows 10"/>
      </properties>
      <testcase name="Test Cases/Test Case 1" time="9.58" classname="Test Cases/Test Case 1" status="PASSED">
         <system-out><![CDATA[2020-06-16 09:23:16 - [TEST_CASE][PASSED] - Test Cases/Test Case 1: Test Cases/Test Case 1

2020-06-16 09:23:16 - [TEST_STEP][PASSED] - openBrowser("http://crmc.opencloud.digital:64216/index.php"): Browser is opened with url: 'http://crmc.opencloud.digital:64216/index.php'

2020-06-16 09:23:16 - [MESSAGE][INFO] - Starting 'Chrome' driver

2020-06-16 09:23:16 - [MESSAGE][INFO] - Action delay is set to 0 milliseconds

2020-06-16 09:23:20 - [MESSAGE][PASSED] - Browser is opened with url: 'http://crmc.opencloud.digital:64216/index.php'

2020-06-16 09:23:20 - [TEST_STEP][PASSED] - maximizeWindow(): Current window maximized

2020-06-16 09:23:22 - [MESSAGE][PASSED] - Current window maximized

2020-06-16 09:23:22 - [TEST_STEP][PASSED] - setText(findTestObject("Login/input_User name_username"), findTestData("D1").getValue(1, 1)): Text 'Admin' is set on object 'Object Repository/Login/input_User name_username'

2020-06-16 09:23:23 - [MESSAGE][PASSED] - Text 'Admin' is set on object 'Object Repository/Login/input_User name_username'

2020-06-16 09:23:23 - [TEST_STEP][PASSED] - setText(findTestObject("Login/input_Password_password"), findTestData("D1").getValue(2, 1)): Text '1qaz2WSX3edc ' is set on object 'Object Repository/Login/input_Password_password'

2020-06-16 09:23:24 - [MESSAGE][PASSED] - Text '1qaz2WSX3edc ' is set on object 'Object Repository/Login/input_Password_password'

2020-06-16 09:23:24 - [TEST_STEP][PASSED] - click(findTestObject("Login/button_Sign in")): Object: 'Object Repository/Login/button_Sign in' is clicked on

2020-06-16 09:23:25 - [MESSAGE][PASSED] - Object: 'Object Repository/Login/button_Sign in' is clicked on]]></system-out>
         <system-err><![CDATA[]]></system-err>
      </testcase>
      <testcase name="Test Cases/Test Case 5" time="14.211" classname="Test Cases/Test Case 5" status="PASSED">
         <system-out><![CDATA[2020-06-16 09:23:25 - [TEST_CASE][PASSED] - Test Cases/Test Case 5: Test Cases/Test Case 5

2020-06-16 09:23:25 - [TEST_STEP][PASSED] - click(findTestObject("Page_Home/strong_Accounts")): Object: 'Object Repository/Page_Home/strong_Accounts' is clicked on

2020-06-16 09:23:32 - [MESSAGE][PASSED] - Object: 'Object Repository/Page_Home/strong_Accounts' is clicked on

2020-06-16 09:23:32 - [TEST_STEP][PASSED] - setText(findTestObject("Page_Accounts/Search Account Name"), findTestData("D4").getValue(1, 1)): Text 'บริษัท วี จี ไอ โกลบอล มีเดีย จำกัด (มหาชน) ' is set on object 'Object Repository/Page_Accounts/Search Account Name'

2020-06-16 09:23:33 - [MESSAGE][PASSED] - Text 'บริษัท วี จี ไอ โกลบอล มีเดีย จำกัด (มหาชน) ' is set on object 'Object Repository/Page_Accounts/Search Account Name'

2020-06-16 09:23:33 - [TEST_STEP][PASSED] - click(findTestObject("Page_Accounts/button_Search")): Object: 'Object Repository/Page_Accounts/button_Search' is clicked on

2020-06-16 09:23:34 - [MESSAGE][PASSED] - Object: 'Object Repository/Page_Accounts/button_Search' is clicked on

2020-06-16 09:23:34 - [TEST_STEP][PASSED] - click(findTestObject("Page_Accounts/click v g o")): Object: 'Object Repository/Page_Accounts/click v g o' is clicked on

2020-06-16 09:23:39 - [MESSAGE][PASSED] - Object: 'Object Repository/Page_Accounts/click v g o' is clicked on]]></system-out>
         <system-err><![CDATA[]]></system-err>
      </testcase>
      <testcase name="Test Cases/Test Case 12" time="13.685" classname="Test Cases/Test Case 12" status="PASSED">
         <system-out><![CDATA[2020-06-16 09:23:39 - [TEST_CASE][PASSED] - Test Cases/Test Case 12: Test Cases/Test Case 12

2020-06-16 09:23:40 - [TEST_STEP][PASSED] - click(findTestObject("Page_Accounts/button_More account")): Object: 'Object Repository/Page_Accounts/button_More account' is clicked on

2020-06-16 09:23:41 - [MESSAGE][PASSED] - Object: 'Object Repository/Page_Accounts/button_More account' is clicked on

2020-06-16 09:23:41 - [TEST_STEP][PASSED] - click(findTestObject("Page_Accounts/a_Add Document account")): Object: 'Object Repository/Page_Accounts/a_Add Document account' is clicked on

2020-06-16 09:23:42 - [MESSAGE][PASSED] - Object: 'Object Repository/Page_Accounts/a_Add Document account' is clicked on

2020-06-16 09:23:42 - [TEST_STEP][PASSED] - setText(findTestObject("Page_Documents/input__notes_title"), findTestData("D7").getValue(1, 1)): Text 'Document test' is set on object 'Object Repository/Page_Documents/input__notes_title'

2020-06-16 09:23:43 - [MESSAGE][PASSED] - Text 'Document test' is set on object 'Object Repository/Page_Documents/input__notes_title'

2020-06-16 09:23:43 - [TEST_STEP][PASSED] - click(findTestObject("Page_Documents/Created By")): Object: 'Object Repository/Page_Documents/Created By' is clicked on

2020-06-16 09:23:44 - [MESSAGE][PASSED] - Object: 'Object Repository/Page_Documents/Created By' is clicked on

2020-06-16 09:23:44 - [TEST_STEP][PASSED] - setText(findTestObject("Page_Documents/input Created By"), findTestData("D7").getValue(2, 1)): Text 'RIS System' is set on object 'Object Repository/Page_Documents/input Created By'

2020-06-16 09:23:45 - [MESSAGE][PASSED] - Text 'RIS System' is set on object 'Object Repository/Page_Documents/input Created By'

2020-06-16 09:23:45 - [TEST_STEP][PASSED] - sendKeys(findTestObject("Page_Documents/input Created By"), Keys.chord(ENTER)): Keys 'ENTER + ' sent to object: 'Object Repository/Page_Documents/input Created By'

2020-06-16 09:23:46 - [MESSAGE][PASSED] - Keys 'ENTER + ' sent to object: 'Object Repository/Page_Documents/input Created By'

2020-06-16 09:23:46 - [TEST_STEP][PASSED] - click(findTestObject("Page_Documents/calendar")): Object: 'Object Repository/Page_Documents/calendar' is clicked on

2020-06-16 09:23:46 - [MESSAGE][PASSED] - Object: 'Object Repository/Page_Documents/calendar' is clicked on

2020-06-16 09:23:46 - [TEST_STEP][PASSED] - setText(findTestObject("Page_Documents/input calendat"), findTestData("D7").getValue(3, 1)): Text 'Account' is set on object 'Object Repository/Page_Documents/input calendat'

2020-06-16 09:23:47 - [MESSAGE][PASSED] - Text 'Account' is set on object 'Object Repository/Page_Documents/input calendat'

2020-06-16 09:23:47 - [TEST_STEP][PASSED] - sendKeys(findTestObject("Page_Documents/input calendat"), Keys.chord(ENTER)): Keys 'ENTER + ' sent to object: 'Object Repository/Page_Documents/input calendat'

2020-06-16 09:23:48 - [MESSAGE][PASSED] - Keys 'ENTER + ' sent to object: 'Object Repository/Page_Documents/input calendat'

2020-06-16 09:23:48 - [TEST_STEP][PASSED] - click(findTestObject("Page_Documents/search add doc")): Object: 'Object Repository/Page_Documents/search add doc' is clicked on

2020-06-16 09:23:48 - [MESSAGE][PASSED] - Object: 'Object Repository/Page_Documents/search add doc' is clicked on

2020-06-16 09:23:48 - [TEST_STEP][PASSED] - switchToWindowTitle("Accounts"): Switched to window with title: 'Accounts'

2020-06-16 09:23:50 - [MESSAGE][PASSED] - Switched to window with title: 'Accounts'

2020-06-16 09:23:50 - [TEST_STEP][PASSED] - click(findTestObject("Page_Accounts/td_1400")): Object: 'Object Repository/Page_Accounts/td_1400' is clicked on

2020-06-16 09:23:51 - [MESSAGE][PASSED] - Object: 'Object Repository/Page_Accounts/td_1400' is clicked on

2020-06-16 09:23:51 - [TEST_STEP][PASSED] - switchToDefaultContent(): null

2020-06-16 09:23:53 - [TEST_STEP][PASSED] - click(findTestObject("Page_Documents/button_Save doc")): Object: 'Object Repository/Page_Documents/button_Save doc' is clicked on

2020-06-16 09:23:53 - [MESSAGE][PASSED] - Object: 'Object Repository/Page_Documents/button_Save doc' is clicked on]]></system-out>
         <system-err><![CDATA[]]></system-err>
      </testcase>
      <system-out><![CDATA[2020-06-16 09:23:15 - [TEST_SUITE][PASSED] - Usecase8: Test Cases/Test Case 12]]></system-out>
      <system-err><![CDATA[]]></system-err>
   </testsuite>
</testsuites>
