<?xml version="1.0" encoding="UTF-8"?>
<testsuites name="Usecase8" time="48.398" tests="5" failures="0" errors="0">
   <testsuite name="Usecase8" tests="5" failures="0" errors="0" time="48.398" timestamp="2020-06-16 11:46:48" hostname="WIN10 - DESKTOP-0NVCT6K" id="Test Suites/Usecase8">
      <properties>
         <property name="deviceName" value=""/>
         <property name="devicePlatform" value=""/>
         <property name="logFolder" value="C:\\Users\\WIN10\\git\\Account\\Reports\\20200616_114647\\Usecase8\\20200616_114647"/>
         <property name="logFiles" value="C:\\Users\\WIN10\\git\\Account\\Reports\\20200616_114647\\Usecase8\\20200616_114647\\execution0.log"/>
         <property name="attachments" value=""/>
         <property name="hostName" value="WIN10 - DESKTOP-0NVCT6K"/>
         <property name="os" value="Windows 10 64bit"/>
         <property name="katalonVersion" value="7.5.2.1"/>
         <property name="browser" value="Chrome 83.0.4103.97"/>
         <property name="hostAddress" value="192.168.1.2"/>
         <property name="sessionId" value="eec21da3edf6d27082b15b1354942b9f"/>
         <property name="seleniumVersion" value="3.141.59"/>
         <property name="proxyInformation" value="ProxyInformation { proxyOption=NO_PROXY, proxyServerType=HTTP, username=, password=********, proxyServerAddress=, proxyServerPort=0, executionList=\&quot;\&quot;, isApplyToDesiredCapabilities=true }"/>
         <property name="platform" value="Windows 10"/>
      </properties>
      <testcase name="Test Cases/Test Case 1" time="11.297" classname="Test Cases/Test Case 1" status="PASSED">
         <system-out><![CDATA[2020-06-16 11:46:48 - [TEST_CASE][PASSED] - Test Cases/Test Case 1: Test Cases/Test Case 1

2020-06-16 11:46:49 - [TEST_STEP][PASSED] - openBrowser("http://crmc.opencloud.digital:64216/index.php"): Browser is opened with url: 'http://crmc.opencloud.digital:64216/index.php'

2020-06-16 11:46:49 - [MESSAGE][INFO] - Starting 'Chrome' driver

2020-06-16 11:46:49 - [MESSAGE][INFO] - Action delay is set to 0 milliseconds

2020-06-16 11:46:53 - [MESSAGE][PASSED] - Browser is opened with url: 'http://crmc.opencloud.digital:64216/index.php'

2020-06-16 11:46:53 - [TEST_STEP][PASSED] - maximizeWindow(): Current window maximized

2020-06-16 11:46:55 - [MESSAGE][PASSED] - Current window maximized

2020-06-16 11:46:55 - [TEST_STEP][PASSED] - setText(findTestObject("Login/input_User name_username"), findTestData("D1").getValue(1, 1)): Text 'Admin' is set on object 'Object Repository/Login/input_User name_username'

2020-06-16 11:46:56 - [MESSAGE][PASSED] - Text 'Admin' is set on object 'Object Repository/Login/input_User name_username'

2020-06-16 11:46:56 - [TEST_STEP][PASSED] - setText(findTestObject("Login/input_Password_password"), findTestData("D1").getValue(2, 1)): Text '1qaz2WSX3edc ' is set on object 'Object Repository/Login/input_Password_password'

2020-06-16 11:46:56 - [MESSAGE][PASSED] - Text '1qaz2WSX3edc ' is set on object 'Object Repository/Login/input_Password_password'

2020-06-16 11:46:56 - [TEST_STEP][PASSED] - click(findTestObject("Login/button_Sign in")): Object: 'Object Repository/Login/button_Sign in' is clicked on

2020-06-16 11:47:00 - [MESSAGE][PASSED] - Object: 'Object Repository/Login/button_Sign in' is clicked on]]></system-out>
         <system-err><![CDATA[]]></system-err>
      </testcase>
      <testcase name="Test Cases/Test Case 5" time="11.867" classname="Test Cases/Test Case 5" status="PASSED">
         <system-out><![CDATA[2020-06-16 11:47:00 - [TEST_CASE][PASSED] - Test Cases/Test Case 5: Test Cases/Test Case 5

2020-06-16 11:47:00 - [TEST_STEP][PASSED] - click(findTestObject("Page_Home/strong_Accounts")): Object: 'Object Repository/Page_Home/strong_Accounts' is clicked on

2020-06-16 11:47:03 - [MESSAGE][PASSED] - Object: 'Object Repository/Page_Home/strong_Accounts' is clicked on

2020-06-16 11:47:03 - [TEST_STEP][PASSED] - setText(findTestObject("Page_Accounts/Search Account Name"), findTestData("D4").getValue(1, 1)): Text 'บริษัท วี จี ไอ โกลบอล มีเดีย จำกัด (มหาชน) ' is set on object 'Object Repository/Page_Accounts/Search Account Name'

2020-06-16 11:47:05 - [MESSAGE][PASSED] - Text 'บริษัท วี จี ไอ โกลบอล มีเดีย จำกัด (มหาชน) ' is set on object 'Object Repository/Page_Accounts/Search Account Name'

2020-06-16 11:47:05 - [TEST_STEP][PASSED] - click(findTestObject("Page_Accounts/button_Search")): Object: 'Object Repository/Page_Accounts/button_Search' is clicked on

2020-06-16 11:47:05 - [MESSAGE][PASSED] - Object: 'Object Repository/Page_Accounts/button_Search' is clicked on

2020-06-16 11:47:05 - [TEST_STEP][PASSED] - click(findTestObject("Page_Accounts/click v g o")): Object: 'Object Repository/Page_Accounts/click v g o' is clicked on

2020-06-16 11:47:11 - [MESSAGE][PASSED] - Object: 'Object Repository/Page_Accounts/click v g o' is clicked on]]></system-out>
         <system-err><![CDATA[]]></system-err>
      </testcase>
      <testcase name="Test Cases/Test Case 14" time="3.246" classname="Test Cases/Test Case 14" status="PASSED">
         <system-out><![CDATA[2020-06-16 11:47:11 - [TEST_CASE][PASSED] - Test Cases/Test Case 14: Test Cases/Test Case 14

2020-06-16 11:47:12 - [TEST_STEP][PASSED] - click(findTestObject("Page_Accounts/button_More account")): Object: 'Object Repository/Page_Accounts/button_More account' is clicked on

2020-06-16 11:47:13 - [MESSAGE][PASSED] - Object: 'Object Repository/Page_Accounts/button_More account' is clicked on

2020-06-16 11:47:13 - [TEST_STEP][PASSED] - click(findTestObject("Page_Accounts/a_Add Document account")): Object: 'Object Repository/Page_Accounts/a_Add Document account' is clicked on

2020-06-16 11:47:14 - [MESSAGE][PASSED] - Object: 'Object Repository/Page_Accounts/a_Add Document account' is clicked on

2020-06-16 11:47:14 - [TEST_STEP][PASSED] - click(findTestObject("Page_Documents/button_Save doc")): Object: 'Object Repository/Page_Documents/button_Save doc' is clicked on

2020-06-16 11:47:15 - [MESSAGE][PASSED] - Object: 'Object Repository/Page_Documents/button_Save doc' is clicked on

2020-06-16 11:47:15 - [TEST_STEP][PASSED] - delay(0): Delayed 0 second(s)

2020-06-16 11:47:15 - [MESSAGE][PASSED] - Delayed 0 second(s)]]></system-out>
         <system-err><![CDATA[]]></system-err>
      </testcase>
      <testcase name="Test Cases/Test Case 13" time="10.923" classname="Test Cases/Test Case 13" status="PASSED">
         <system-out><![CDATA[2020-06-16 11:47:15 - [TEST_CASE][PASSED] - Test Cases/Test Case 13: Test Cases/Test Case 13

2020-06-16 11:47:15 - [TEST_STEP][PASSED] - click(findTestObject("Page_Documents/Created By")): Object: 'Object Repository/Page_Documents/Created By' is clicked on

2020-06-16 11:47:17 - [MESSAGE][PASSED] - Object: 'Object Repository/Page_Documents/Created By' is clicked on

2020-06-16 11:47:17 - [TEST_STEP][PASSED] - setText(findTestObject("Page_Documents/input Created By"), findTestData("D7").getValue(2, 1)): Text 'RIS System' is set on object 'Object Repository/Page_Documents/input Created By'

2020-06-16 11:47:18 - [MESSAGE][PASSED] - Text 'RIS System' is set on object 'Object Repository/Page_Documents/input Created By'

2020-06-16 11:47:18 - [TEST_STEP][PASSED] - sendKeys(findTestObject("Page_Documents/input Created By"), Keys.chord(ENTER)): Keys 'ENTER + ' sent to object: 'Object Repository/Page_Documents/input Created By'

2020-06-16 11:47:18 - [MESSAGE][PASSED] - Keys 'ENTER + ' sent to object: 'Object Repository/Page_Documents/input Created By'

2020-06-16 11:47:18 - [TEST_STEP][PASSED] - click(findTestObject("Page_Documents/calendar")): Object: 'Object Repository/Page_Documents/calendar' is clicked on

2020-06-16 11:47:19 - [MESSAGE][PASSED] - Object: 'Object Repository/Page_Documents/calendar' is clicked on

2020-06-16 11:47:19 - [TEST_STEP][PASSED] - setText(findTestObject("Page_Documents/input calendat"), findTestData("D7").getValue(3, 1)): Text 'Account' is set on object 'Object Repository/Page_Documents/input calendat'

2020-06-16 11:47:20 - [MESSAGE][PASSED] - Text 'Account' is set on object 'Object Repository/Page_Documents/input calendat'

2020-06-16 11:47:20 - [TEST_STEP][PASSED] - sendKeys(findTestObject("Page_Documents/input calendat"), Keys.chord(ENTER)): Keys 'ENTER + ' sent to object: 'Object Repository/Page_Documents/input calendat'

2020-06-16 11:47:20 - [MESSAGE][PASSED] - Keys 'ENTER + ' sent to object: 'Object Repository/Page_Documents/input calendat'

2020-06-16 11:47:20 - [TEST_STEP][PASSED] - click(findTestObject("Page_Documents/search add doc")): Object: 'Object Repository/Page_Documents/search add doc' is clicked on

2020-06-16 11:47:21 - [MESSAGE][PASSED] - Object: 'Object Repository/Page_Documents/search add doc' is clicked on

2020-06-16 11:47:21 - [TEST_STEP][PASSED] - switchToWindowTitle("Accounts"): Switched to window with title: 'Accounts'

2020-06-16 11:47:23 - [MESSAGE][PASSED] - Switched to window with title: 'Accounts'

2020-06-16 11:47:23 - [TEST_STEP][PASSED] - click(findTestObject("Page_Accounts/td_1400")): Object: 'Object Repository/Page_Accounts/td_1400' is clicked on

2020-06-16 11:47:23 - [MESSAGE][PASSED] - Object: 'Object Repository/Page_Accounts/td_1400' is clicked on

2020-06-16 11:47:23 - [TEST_STEP][PASSED] - switchToDefaultContent(): null

2020-06-16 11:47:25 - [TEST_STEP][PASSED] - click(findTestObject("Page_Documents/button_Save doc")): Object: 'Object Repository/Page_Documents/button_Save doc' is clicked on

2020-06-16 11:47:26 - [MESSAGE][PASSED] - Object: 'Object Repository/Page_Documents/button_Save doc' is clicked on]]></system-out>
         <system-err><![CDATA[]]></system-err>
      </testcase>
      <testcase name="Test Cases/Test Case 12.0" time="10.185" classname="Test Cases/Test Case 12.0" status="PASSED">
         <system-out><![CDATA[2020-06-16 11:47:26 - [TEST_CASE][PASSED] - Test Cases/Test Case 12.0: Test Cases/Test Case 12.0

2020-06-16 11:47:26 - [TEST_STEP][PASSED] - setText(findTestObject("Page_Documents/input__notes_title"), findTestData("D7").getValue(1, 1)): Text 'Document test' is set on object 'Object Repository/Page_Documents/input__notes_title'

2020-06-16 11:47:26 - [MESSAGE][PASSED] - Text 'Document test' is set on object 'Object Repository/Page_Documents/input__notes_title'

2020-06-16 11:47:26 - [TEST_STEP][PASSED] - click(findTestObject("Page_Documents/Created By")): Object: 'Object Repository/Page_Documents/Created By' is clicked on

2020-06-16 11:47:27 - [MESSAGE][PASSED] - Object: 'Object Repository/Page_Documents/Created By' is clicked on

2020-06-16 11:47:27 - [TEST_STEP][PASSED] - setText(findTestObject("Page_Documents/input Created By"), findTestData("D7").getValue(2, 1)): Text 'RIS System' is set on object 'Object Repository/Page_Documents/input Created By'

2020-06-16 11:47:28 - [MESSAGE][PASSED] - Text 'RIS System' is set on object 'Object Repository/Page_Documents/input Created By'

2020-06-16 11:47:28 - [TEST_STEP][PASSED] - sendKeys(findTestObject("Page_Documents/input Created By"), Keys.chord(ENTER)): Keys 'ENTER + ' sent to object: 'Object Repository/Page_Documents/input Created By'

2020-06-16 11:47:29 - [MESSAGE][PASSED] - Keys 'ENTER + ' sent to object: 'Object Repository/Page_Documents/input Created By'

2020-06-16 11:47:29 - [TEST_STEP][PASSED] - click(findTestObject("Page_Documents/calendar")): Object: 'Object Repository/Page_Documents/calendar' is clicked on

2020-06-16 11:47:29 - [MESSAGE][PASSED] - Object: 'Object Repository/Page_Documents/calendar' is clicked on

2020-06-16 11:47:29 - [TEST_STEP][PASSED] - setText(findTestObject("Page_Documents/input calendat"), findTestData("D7").getValue(3, 1)): Text 'Account' is set on object 'Object Repository/Page_Documents/input calendat'

2020-06-16 11:47:30 - [MESSAGE][PASSED] - Text 'Account' is set on object 'Object Repository/Page_Documents/input calendat'

2020-06-16 11:47:30 - [TEST_STEP][PASSED] - sendKeys(findTestObject("Page_Documents/input calendat"), Keys.chord(ENTER)): Keys 'ENTER + ' sent to object: 'Object Repository/Page_Documents/input calendat'

2020-06-16 11:47:31 - [MESSAGE][PASSED] - Keys 'ENTER + ' sent to object: 'Object Repository/Page_Documents/input calendat'

2020-06-16 11:47:31 - [TEST_STEP][PASSED] - click(findTestObject("Page_Documents/search add doc")): Object: 'Object Repository/Page_Documents/search add doc' is clicked on

2020-06-16 11:47:31 - [MESSAGE][PASSED] - Object: 'Object Repository/Page_Documents/search add doc' is clicked on

2020-06-16 11:47:31 - [TEST_STEP][PASSED] - switchToWindowTitle("Accounts"): Switched to window with title: 'Accounts'

2020-06-16 11:47:33 - [MESSAGE][PASSED] - Switched to window with title: 'Accounts'

2020-06-16 11:47:33 - [TEST_STEP][PASSED] - click(findTestObject("Page_Accounts/td_1400")): Object: 'Object Repository/Page_Accounts/td_1400' is clicked on

2020-06-16 11:47:33 - [MESSAGE][PASSED] - Object: 'Object Repository/Page_Accounts/td_1400' is clicked on

2020-06-16 11:47:33 - [TEST_STEP][PASSED] - switchToDefaultContent(): null

2020-06-16 11:47:35 - [TEST_STEP][PASSED] - click(findTestObject("Page_Documents/button_Save doc")): Object: 'Object Repository/Page_Documents/button_Save doc' is clicked on

2020-06-16 11:47:36 - [MESSAGE][PASSED] - Object: 'Object Repository/Page_Documents/button_Save doc' is clicked on]]></system-out>
         <system-err><![CDATA[]]></system-err>
      </testcase>
      <system-out><![CDATA[2020-06-16 11:46:48 - [TEST_SUITE][PASSED] - Usecase8: Test Cases/Test Case 12.0]]></system-out>
      <system-err><![CDATA[]]></system-err>
   </testsuite>
</testsuites>
