<?xml version="1.0" encoding="UTF-8"?>
<testsuites name="Usecase10" time="35.514" tests="4" failures="0" errors="0">
   <testsuite name="Usecase10" tests="4" failures="0" errors="0" time="35.514" timestamp="2020-06-16 11:38:50" hostname="WIN10 - DESKTOP-0NVCT6K" id="Test Suites/Usecase10">
      <properties>
         <property name="deviceName" value=""/>
         <property name="devicePlatform" value=""/>
         <property name="logFolder" value="C:\\Users\\WIN10\\git\\Account\\Reports\\20200616_113849\\Usecase10\\20200616_113849"/>
         <property name="logFiles" value="C:\\Users\\WIN10\\git\\Account\\Reports\\20200616_113849\\Usecase10\\20200616_113849\\execution0.log"/>
         <property name="attachments" value=""/>
         <property name="hostName" value="WIN10 - DESKTOP-0NVCT6K"/>
         <property name="os" value="Windows 10 64bit"/>
         <property name="katalonVersion" value="7.5.2.1"/>
         <property name="browser" value="Chrome 83.0.4103.97"/>
         <property name="hostAddress" value="192.168.1.2"/>
         <property name="sessionId" value="80422667a99ba44ef1edbe091489966a"/>
         <property name="seleniumVersion" value="3.141.59"/>
         <property name="proxyInformation" value="ProxyInformation { proxyOption=NO_PROXY, proxyServerType=HTTP, username=, password=********, proxyServerAddress=, proxyServerPort=0, executionList=\&quot;\&quot;, isApplyToDesiredCapabilities=true }"/>
         <property name="platform" value="Windows 10"/>
      </properties>
      <testcase name="Test Cases/Test Case 1" time="12.05" classname="Test Cases/Test Case 1" status="PASSED">
         <system-out><![CDATA[2020-06-16 11:38:50 - [TEST_CASE][PASSED] - Test Cases/Test Case 1: Test Cases/Test Case 1

2020-06-16 11:38:51 - [TEST_STEP][PASSED] - openBrowser("http://crmc.opencloud.digital:64216/index.php"): Browser is opened with url: 'http://crmc.opencloud.digital:64216/index.php'

2020-06-16 11:38:51 - [MESSAGE][INFO] - Starting 'Chrome' driver

2020-06-16 11:38:51 - [MESSAGE][INFO] - Action delay is set to 0 milliseconds

2020-06-16 11:38:56 - [MESSAGE][PASSED] - Browser is opened with url: 'http://crmc.opencloud.digital:64216/index.php'

2020-06-16 11:38:56 - [TEST_STEP][PASSED] - maximizeWindow(): Current window maximized

2020-06-16 11:38:59 - [MESSAGE][PASSED] - Current window maximized

2020-06-16 11:38:59 - [TEST_STEP][PASSED] - setText(findTestObject("Login/input_User name_username"), findTestData("D1").getValue(1, 1)): Text 'Admin' is set on object 'Object Repository/Login/input_User name_username'

2020-06-16 11:38:59 - [MESSAGE][PASSED] - Text 'Admin' is set on object 'Object Repository/Login/input_User name_username'

2020-06-16 11:38:59 - [TEST_STEP][PASSED] - setText(findTestObject("Login/input_Password_password"), findTestData("D1").getValue(2, 1)): Text '1qaz2WSX3edc ' is set on object 'Object Repository/Login/input_Password_password'

2020-06-16 11:39:00 - [MESSAGE][PASSED] - Text '1qaz2WSX3edc ' is set on object 'Object Repository/Login/input_Password_password'

2020-06-16 11:39:00 - [TEST_STEP][PASSED] - click(findTestObject("Login/button_Sign in")): Object: 'Object Repository/Login/button_Sign in' is clicked on

2020-06-16 11:39:02 - [MESSAGE][PASSED] - Object: 'Object Repository/Login/button_Sign in' is clicked on]]></system-out>
         <system-err><![CDATA[]]></system-err>
      </testcase>
      <testcase name="Test Cases/Test Case 5" time="13.928" classname="Test Cases/Test Case 5" status="PASSED">
         <system-out><![CDATA[2020-06-16 11:39:02 - [TEST_CASE][PASSED] - Test Cases/Test Case 5: Test Cases/Test Case 5

2020-06-16 11:39:03 - [TEST_STEP][PASSED] - click(findTestObject("Page_Home/strong_Accounts")): Object: 'Object Repository/Page_Home/strong_Accounts' is clicked on

2020-06-16 11:39:07 - [MESSAGE][PASSED] - Object: 'Object Repository/Page_Home/strong_Accounts' is clicked on

2020-06-16 11:39:07 - [TEST_STEP][PASSED] - setText(findTestObject("Page_Accounts/Search Account Name"), findTestData("D4").getValue(1, 1)): Text 'บริษัท วี จี ไอ โกลบอล มีเดีย จำกัด (มหาชน) ' is set on object 'Object Repository/Page_Accounts/Search Account Name'

2020-06-16 11:39:08 - [MESSAGE][PASSED] - Text 'บริษัท วี จี ไอ โกลบอล มีเดีย จำกัด (มหาชน) ' is set on object 'Object Repository/Page_Accounts/Search Account Name'

2020-06-16 11:39:08 - [TEST_STEP][PASSED] - click(findTestObject("Page_Accounts/button_Search")): Object: 'Object Repository/Page_Accounts/button_Search' is clicked on

2020-06-16 11:39:08 - [MESSAGE][PASSED] - Object: 'Object Repository/Page_Accounts/button_Search' is clicked on

2020-06-16 11:39:08 - [TEST_STEP][PASSED] - click(findTestObject("Page_Accounts/click v g o")): Object: 'Object Repository/Page_Accounts/click v g o' is clicked on

2020-06-16 11:39:16 - [MESSAGE][PASSED] - Object: 'Object Repository/Page_Accounts/click v g o' is clicked on]]></system-out>
         <system-err><![CDATA[]]></system-err>
      </testcase>
      <testcase name="Test Cases/Test Case 16" time="3.932" classname="Test Cases/Test Case 16" status="PASSED">
         <system-out><![CDATA[2020-06-16 11:39:16 - [TEST_CASE][PASSED] - Test Cases/Test Case 16: Test Cases/Test Case 16

2020-06-16 11:39:17 - [TEST_STEP][PASSED] - click(findTestObject("Page_Accounts/button_More account")): Object: 'Object Repository/Page_Accounts/button_More account' is clicked on

2020-06-16 11:39:17 - [MESSAGE][PASSED] - Object: 'Object Repository/Page_Accounts/button_More account' is clicked on

2020-06-16 11:39:17 - [TEST_STEP][PASSED] - click(findTestObject("Page_Accounts/a_Transfer Ownership Account")): Object: 'Object Repository/Page_Accounts/a_Transfer Ownership Account' is clicked on

2020-06-16 11:39:17 - [MESSAGE][PASSED] - Object: 'Object Repository/Page_Accounts/a_Transfer Ownership Account' is clicked on

2020-06-16 11:39:17 - [TEST_STEP][PASSED] - click(findTestObject("Page_Accounts/Tranfer Assigned To")): Object: 'Object Repository/Page_Accounts/Tranfer Assigned To' is clicked on

2020-06-16 11:39:18 - [MESSAGE][PASSED] - Object: 'Object Repository/Page_Accounts/Tranfer Assigned To' is clicked on

2020-06-16 11:39:18 - [TEST_STEP][PASSED] - setText(findTestObject("Page_Accounts/input Tranfer"), findTestData("D9").getValue(2, 1)): Text 'Charinee Senanarong' is set on object 'Object Repository/Page_Accounts/input Tranfer'

2020-06-16 11:39:19 - [MESSAGE][PASSED] - Text 'Charinee Senanarong' is set on object 'Object Repository/Page_Accounts/input Tranfer'

2020-06-16 11:39:19 - [TEST_STEP][PASSED] - sendKeys(findTestObject("Page_Accounts/input Tranfer"), Keys.chord(ENTER)): Keys 'ENTER + ' sent to object: 'Object Repository/Page_Accounts/input Tranfer'

2020-06-16 11:39:20 - [MESSAGE][PASSED] - Keys 'ENTER + ' sent to object: 'Object Repository/Page_Accounts/input Tranfer'

2020-06-16 11:39:20 - [TEST_STEP][PASSED] - click(findTestObject("Page_Accounts/button_Save Tranfer Owner")): Object: 'Object Repository/Page_Accounts/button_Save Tranfer Owner' is clicked on

2020-06-16 11:39:20 - [MESSAGE][PASSED] - Object: 'Object Repository/Page_Accounts/button_Save Tranfer Owner' is clicked on]]></system-out>
         <system-err><![CDATA[]]></system-err>
      </testcase>
      <testcase name="Test Cases/Test Case 15.0" time="4.762" classname="Test Cases/Test Case 15.0" status="PASSED">
         <system-out><![CDATA[2020-06-16 11:39:20 - [TEST_CASE][PASSED] - Test Cases/Test Case 15.0: Test Cases/Test Case 15.0

2020-06-16 11:39:20 - [TEST_STEP][PASSED] - setText(findTestObject("Page_Accounts/input_Select Related Modules_select2-input select2-focused"), findTestData("D9").getValue(1, 1)): Text 'Contacts' is set on object 'Object Repository/Page_Accounts/input_Select Related Modules_select2-input select2-focused'

2020-06-16 11:39:21 - [MESSAGE][PASSED] - Text 'Contacts' is set on object 'Object Repository/Page_Accounts/input_Select Related Modules_select2-input select2-focused'

2020-06-16 11:39:21 - [TEST_STEP][PASSED] - sendKeys(findTestObject("Page_Accounts/input_Select Related Modules_select2-input select2-focused"), Keys.chord(ENTER)): Keys 'ENTER + ' sent to object: 'Object Repository/Page_Accounts/input_Select Related Modules_select2-input select2-focused'

2020-06-16 11:39:22 - [MESSAGE][PASSED] - Keys 'ENTER + ' sent to object: 'Object Repository/Page_Accounts/input_Select Related Modules_select2-input select2-focused'

2020-06-16 11:39:22 - [TEST_STEP][PASSED] - click(findTestObject("Page_Accounts/clear tranfer ownership")): Object: 'Object Repository/Page_Accounts/clear tranfer ownership' is clicked on

2020-06-16 11:39:23 - [MESSAGE][PASSED] - Object: 'Object Repository/Page_Accounts/clear tranfer ownership' is clicked on

2020-06-16 11:39:23 - [TEST_STEP][PASSED] - click(findTestObject("Page_Accounts/Tranfer Assigned To")): Object: 'Object Repository/Page_Accounts/Tranfer Assigned To' is clicked on

2020-06-16 11:39:23 - [MESSAGE][PASSED] - Object: 'Object Repository/Page_Accounts/Tranfer Assigned To' is clicked on

2020-06-16 11:39:23 - [TEST_STEP][PASSED] - setText(findTestObject("Page_Accounts/input Tranfer"), findTestData("D9").getValue(2, 1)): Text 'Charinee Senanarong' is set on object 'Object Repository/Page_Accounts/input Tranfer'

2020-06-16 11:39:24 - [MESSAGE][PASSED] - Text 'Charinee Senanarong' is set on object 'Object Repository/Page_Accounts/input Tranfer'

2020-06-16 11:39:24 - [TEST_STEP][PASSED] - sendKeys(findTestObject("Page_Accounts/input Tranfer"), Keys.chord(ENTER)): Keys 'ENTER + ' sent to object: 'Object Repository/Page_Accounts/input Tranfer'

2020-06-16 11:39:24 - [MESSAGE][PASSED] - Keys 'ENTER + ' sent to object: 'Object Repository/Page_Accounts/input Tranfer'

2020-06-16 11:39:24 - [TEST_STEP][PASSED] - click(findTestObject("Page_Accounts/button_Save Tranfer Owner")): Object: 'Object Repository/Page_Accounts/button_Save Tranfer Owner' is clicked on

2020-06-16 11:39:25 - [MESSAGE][PASSED] - Object: 'Object Repository/Page_Accounts/button_Save Tranfer Owner' is clicked on]]></system-out>
         <system-err><![CDATA[]]></system-err>
      </testcase>
      <system-out><![CDATA[2020-06-16 11:38:50 - [TEST_SUITE][PASSED] - Usecase10: Test Cases/Test Case 15.0]]></system-out>
      <system-err><![CDATA[]]></system-err>
   </testsuite>
</testsuites>
