<?xml version="1.0" encoding="UTF-8"?>
<testsuites name="Usecase4" time="30.505" tests="3" failures="0" errors="0">
   <testsuite name="Usecase4" tests="3" failures="0" errors="0" time="30.505" timestamp="2020-06-16 08:03:20" hostname="WIN10 - DESKTOP-0NVCT6K" id="Test Suites/Usecase4">
      <properties>
         <property name="deviceName" value=""/>
         <property name="devicePlatform" value=""/>
         <property name="logFolder" value="C:\\Users\\WIN10\\git\\Account\\Reports\\20200616_080318\\Usecase4\\20200616_080318"/>
         <property name="logFiles" value="C:\\Users\\WIN10\\git\\Account\\Reports\\20200616_080318\\Usecase4\\20200616_080318\\execution0.log"/>
         <property name="attachments" value=""/>
         <property name="hostName" value="WIN10 - DESKTOP-0NVCT6K"/>
         <property name="os" value="Windows 10 64bit"/>
         <property name="katalonVersion" value="7.5.2.1"/>
         <property name="browser" value="Chrome 83.0.4103.97"/>
         <property name="hostAddress" value="192.168.1.2"/>
         <property name="sessionId" value="d365106a8b07970513c919c228838dd7"/>
         <property name="seleniumVersion" value="3.141.59"/>
         <property name="proxyInformation" value="ProxyInformation { proxyOption=NO_PROXY, proxyServerType=HTTP, username=, password=********, proxyServerAddress=, proxyServerPort=0, executionList=\&quot;\&quot;, isApplyToDesiredCapabilities=true }"/>
         <property name="platform" value="Windows 10"/>
      </properties>
      <testcase name="Test Cases/Test Case 1" time="10.732" classname="Test Cases/Test Case 1" status="PASSED">
         <system-out><![CDATA[2020-06-16 08:03:20 - [TEST_CASE][PASSED] - Test Cases/Test Case 1: Test Cases/Test Case 1

2020-06-16 08:03:20 - [TEST_STEP][PASSED] - openBrowser("http://crmc.opencloud.digital:64216/index.php"): Browser is opened with url: 'http://crmc.opencloud.digital:64216/index.php'

2020-06-16 08:03:20 - [MESSAGE][INFO] - Starting 'Chrome' driver

2020-06-16 08:03:20 - [MESSAGE][INFO] - Action delay is set to 0 milliseconds

2020-06-16 08:03:26 - [MESSAGE][PASSED] - Browser is opened with url: 'http://crmc.opencloud.digital:64216/index.php'

2020-06-16 08:03:26 - [TEST_STEP][PASSED] - maximizeWindow(): Current window maximized

2020-06-16 08:03:28 - [MESSAGE][PASSED] - Current window maximized

2020-06-16 08:03:28 - [TEST_STEP][PASSED] - setText(findTestObject("Login/input_User name_username"), findTestData("D1").getValue(1, 1)): Text 'Admin' is set on object 'Object Repository/Login/input_User name_username'

2020-06-16 08:03:28 - [MESSAGE][PASSED] - Text 'Admin' is set on object 'Object Repository/Login/input_User name_username'

2020-06-16 08:03:28 - [TEST_STEP][PASSED] - setText(findTestObject("Login/input_Password_password"), findTestData("D1").getValue(2, 1)): Text '1qaz2WSX3edc ' is set on object 'Object Repository/Login/input_Password_password'

2020-06-16 08:03:29 - [MESSAGE][PASSED] - Text '1qaz2WSX3edc ' is set on object 'Object Repository/Login/input_Password_password'

2020-06-16 08:03:29 - [TEST_STEP][PASSED] - click(findTestObject("Login/button_Sign in")): Object: 'Object Repository/Login/button_Sign in' is clicked on

2020-06-16 08:03:30 - [MESSAGE][PASSED] - Object: 'Object Repository/Login/button_Sign in' is clicked on]]></system-out>
         <system-err><![CDATA[]]></system-err>
      </testcase>
      <testcase name="Test Cases/Test Case 5" time="11.903" classname="Test Cases/Test Case 5" status="PASSED">
         <system-out><![CDATA[2020-06-16 08:03:30 - [TEST_CASE][PASSED] - Test Cases/Test Case 5: Test Cases/Test Case 5

2020-06-16 08:03:31 - [TEST_STEP][PASSED] - click(findTestObject("Page_Home/strong_Accounts")): Object: 'Object Repository/Page_Home/strong_Accounts' is clicked on

2020-06-16 08:03:34 - [MESSAGE][PASSED] - Object: 'Object Repository/Page_Home/strong_Accounts' is clicked on

2020-06-16 08:03:34 - [TEST_STEP][PASSED] - setText(findTestObject("Page_Accounts/Search Account Name"), findTestData("D4").getValue(1, 1)): Text 'บริษัท วี จี ไอ โกลบอล มีเดีย จำกัด (มหาชน) ' is set on object 'Object Repository/Page_Accounts/Search Account Name'

2020-06-16 08:03:36 - [MESSAGE][PASSED] - Text 'บริษัท วี จี ไอ โกลบอล มีเดีย จำกัด (มหาชน) ' is set on object 'Object Repository/Page_Accounts/Search Account Name'

2020-06-16 08:03:36 - [TEST_STEP][PASSED] - click(findTestObject("Page_Accounts/button_Search")): Object: 'Object Repository/Page_Accounts/button_Search' is clicked on

2020-06-16 08:03:36 - [MESSAGE][PASSED] - Object: 'Object Repository/Page_Accounts/button_Search' is clicked on

2020-06-16 08:03:36 - [TEST_STEP][PASSED] - click(findTestObject("Page_Accounts/click v g o")): Object: 'Object Repository/Page_Accounts/click v g o' is clicked on

2020-06-16 08:03:42 - [MESSAGE][PASSED] - Object: 'Object Repository/Page_Accounts/click v g o' is clicked on]]></system-out>
         <system-err><![CDATA[]]></system-err>
      </testcase>
      <testcase name="Test Cases/Test Case 6" time="6.969" classname="Test Cases/Test Case 6" status="PASSED">
         <system-out><![CDATA[2020-06-16 08:03:42 - [TEST_CASE][PASSED] - Test Cases/Test Case 6: Test Cases/Test Case 6

2020-06-16 08:03:43 - [TEST_STEP][PASSED] - click(findTestObject("Page_Accounts/Edit Account")): Object: 'Object Repository/Page_Accounts/Edit Account' is clicked on

2020-06-16 08:03:44 - [MESSAGE][PASSED] - Object: 'Object Repository/Page_Accounts/Edit Account' is clicked on

2020-06-16 08:03:44 - [TEST_STEP][PASSED] - setText(findTestObject("Page_Accounts/Edit Purchasing Decision"), findTestData("D2").getValue(6, 1)): Text 'จัดซื้อแยกLocalized Purchasing' is set on object 'Object Repository/Page_Accounts/Edit Purchasing Decision'

2020-06-16 08:03:46 - [MESSAGE][PASSED] - Text 'จัดซื้อแยกLocalized Purchasing' is set on object 'Object Repository/Page_Accounts/Edit Purchasing Decision'

2020-06-16 08:03:46 - [TEST_STEP][PASSED] - click(findTestObject("Page_Accounts/button_Save Edit")): Object: 'Object Repository/Page_Accounts/button_Save Edit' is clicked on

2020-06-16 08:03:46 - [MESSAGE][PASSED] - Object: 'Object Repository/Page_Accounts/button_Save Edit' is clicked on

2020-06-16 08:03:46 - [TEST_STEP][PASSED] - click(findTestObject("Page_Accounts/Edit a_Yes")): Object: 'Object Repository/Page_Accounts/Edit a_Yes' is clicked on

2020-06-16 08:03:49 - [MESSAGE][PASSED] - Object: 'Object Repository/Page_Accounts/Edit a_Yes' is clicked on]]></system-out>
         <system-err><![CDATA[]]></system-err>
      </testcase>
      <system-out><![CDATA[2020-06-16 08:03:20 - [TEST_SUITE][PASSED] - Usecase4: Test Cases/Test Case 6]]></system-out>
      <system-err><![CDATA[]]></system-err>
   </testsuite>
</testsuites>
