<?xml version="1.0" encoding="UTF-8"?>
<testsuites name="Usecase8" time="35.663" tests="4" failures="0" errors="0">
   <testsuite name="Usecase8" tests="4" failures="0" errors="0" time="35.663" timestamp="2020-06-16 11:18:35" hostname="WIN10 - DESKTOP-0NVCT6K" id="Test Suites/Usecase8">
      <properties>
         <property name="deviceName" value=""/>
         <property name="devicePlatform" value=""/>
         <property name="logFolder" value="C:\\Users\\WIN10\\git\\Account\\Reports\\20200616_111834\\Usecase8\\20200616_111834"/>
         <property name="logFiles" value="C:\\Users\\WIN10\\git\\Account\\Reports\\20200616_111834\\Usecase8\\20200616_111834\\execution0.log"/>
         <property name="attachments" value=""/>
         <property name="hostName" value="WIN10 - DESKTOP-0NVCT6K"/>
         <property name="os" value="Windows 10 64bit"/>
         <property name="katalonVersion" value="7.5.2.1"/>
         <property name="browser" value="Chrome 83.0.4103.97"/>
         <property name="hostAddress" value="192.168.1.2"/>
         <property name="sessionId" value="fb49b5eb41257926adea27ece731584d"/>
         <property name="seleniumVersion" value="3.141.59"/>
         <property name="proxyInformation" value="ProxyInformation { proxyOption=NO_PROXY, proxyServerType=HTTP, username=, password=********, proxyServerAddress=, proxyServerPort=0, executionList=\&quot;\&quot;, isApplyToDesiredCapabilities=true }"/>
         <property name="platform" value="Windows 10"/>
      </properties>
      <testcase name="Test Cases/Test Case 1" time="9.73" classname="Test Cases/Test Case 1" status="PASSED">
         <system-out><![CDATA[2020-06-16 11:18:36 - [TEST_CASE][PASSED] - Test Cases/Test Case 1: Test Cases/Test Case 1

2020-06-16 11:18:36 - [TEST_STEP][PASSED] - openBrowser("http://crmc.opencloud.digital:64216/index.php"): Browser is opened with url: 'http://crmc.opencloud.digital:64216/index.php'

2020-06-16 11:18:36 - [MESSAGE][INFO] - Starting 'Chrome' driver

2020-06-16 11:18:36 - [MESSAGE][INFO] - Action delay is set to 0 milliseconds

2020-06-16 11:18:41 - [MESSAGE][PASSED] - Browser is opened with url: 'http://crmc.opencloud.digital:64216/index.php'

2020-06-16 11:18:41 - [TEST_STEP][PASSED] - maximizeWindow(): Current window maximized

2020-06-16 11:18:43 - [MESSAGE][PASSED] - Current window maximized

2020-06-16 11:18:43 - [TEST_STEP][PASSED] - setText(findTestObject("Login/input_User name_username"), findTestData("D1").getValue(1, 1)): Text 'Admin' is set on object 'Object Repository/Login/input_User name_username'

2020-06-16 11:18:43 - [MESSAGE][PASSED] - Text 'Admin' is set on object 'Object Repository/Login/input_User name_username'

2020-06-16 11:18:43 - [TEST_STEP][PASSED] - setText(findTestObject("Login/input_Password_password"), findTestData("D1").getValue(2, 1)): Text '1qaz2WSX3edc ' is set on object 'Object Repository/Login/input_Password_password'

2020-06-16 11:18:44 - [MESSAGE][PASSED] - Text '1qaz2WSX3edc ' is set on object 'Object Repository/Login/input_Password_password'

2020-06-16 11:18:44 - [TEST_STEP][PASSED] - click(findTestObject("Login/button_Sign in")): Object: 'Object Repository/Login/button_Sign in' is clicked on

2020-06-16 11:18:45 - [MESSAGE][PASSED] - Object: 'Object Repository/Login/button_Sign in' is clicked on]]></system-out>
         <system-err><![CDATA[]]></system-err>
      </testcase>
      <testcase name="Test Cases/Test Case 5" time="11.952" classname="Test Cases/Test Case 5" status="PASSED">
         <system-out><![CDATA[2020-06-16 11:18:45 - [TEST_CASE][PASSED] - Test Cases/Test Case 5: Test Cases/Test Case 5

2020-06-16 11:18:46 - [TEST_STEP][PASSED] - click(findTestObject("Page_Home/strong_Accounts")): Object: 'Object Repository/Page_Home/strong_Accounts' is clicked on

2020-06-16 11:18:49 - [MESSAGE][PASSED] - Object: 'Object Repository/Page_Home/strong_Accounts' is clicked on

2020-06-16 11:18:49 - [TEST_STEP][PASSED] - setText(findTestObject("Page_Accounts/Search Account Name"), findTestData("D4").getValue(1, 1)): Text 'บริษัท วี จี ไอ โกลบอล มีเดีย จำกัด (มหาชน) ' is set on object 'Object Repository/Page_Accounts/Search Account Name'

2020-06-16 11:18:51 - [MESSAGE][PASSED] - Text 'บริษัท วี จี ไอ โกลบอล มีเดีย จำกัด (มหาชน) ' is set on object 'Object Repository/Page_Accounts/Search Account Name'

2020-06-16 11:18:51 - [TEST_STEP][PASSED] - click(findTestObject("Page_Accounts/button_Search")): Object: 'Object Repository/Page_Accounts/button_Search' is clicked on

2020-06-16 11:18:51 - [MESSAGE][PASSED] - Object: 'Object Repository/Page_Accounts/button_Search' is clicked on

2020-06-16 11:18:51 - [TEST_STEP][PASSED] - click(findTestObject("Page_Accounts/click v g o")): Object: 'Object Repository/Page_Accounts/click v g o' is clicked on

2020-06-16 11:18:57 - [MESSAGE][PASSED] - Object: 'Object Repository/Page_Accounts/click v g o' is clicked on]]></system-out>
         <system-err><![CDATA[]]></system-err>
      </testcase>
      <testcase name="Test Cases/Test Case 13" time="2.422" classname="Test Cases/Test Case 13" status="PASSED">
         <system-out><![CDATA[2020-06-16 11:18:57 - [TEST_CASE][PASSED] - Test Cases/Test Case 13: Test Cases/Test Case 13

2020-06-16 11:18:58 - [TEST_STEP][PASSED] - click(findTestObject("Page_Accounts/button_More account")): Object: 'Object Repository/Page_Accounts/button_More account' is clicked on

2020-06-16 11:18:58 - [MESSAGE][PASSED] - Object: 'Object Repository/Page_Accounts/button_More account' is clicked on

2020-06-16 11:18:58 - [TEST_STEP][PASSED] - click(findTestObject("Page_Accounts/a_Add Document account")): Object: 'Object Repository/Page_Accounts/a_Add Document account' is clicked on

2020-06-16 11:18:59 - [MESSAGE][PASSED] - Object: 'Object Repository/Page_Accounts/a_Add Document account' is clicked on

2020-06-16 11:18:59 - [TEST_STEP][PASSED] - click(findTestObject("Page_Documents/button_Save doc")): Object: 'Object Repository/Page_Documents/button_Save doc' is clicked on

2020-06-16 11:19:00 - [MESSAGE][PASSED] - Object: 'Object Repository/Page_Documents/button_Save doc' is clicked on

2020-06-16 11:19:00 - [TEST_STEP][PASSED] - delay(0): Delayed 0 second(s)

2020-06-16 11:19:00 - [MESSAGE][PASSED] - Delayed 0 second(s)]]></system-out>
         <system-err><![CDATA[]]></system-err>
      </testcase>
      <testcase name="Test Cases/Test Case 12.0" time="10.687" classname="Test Cases/Test Case 12.0" status="PASSED">
         <system-out><![CDATA[2020-06-16 11:19:00 - [TEST_CASE][PASSED] - Test Cases/Test Case 12.0: Test Cases/Test Case 12.0

2020-06-16 11:19:00 - [TEST_STEP][PASSED] - setText(findTestObject("Page_Documents/input__notes_title"), findTestData("D7").getValue(1, 1)): Text 'Document test' is set on object 'Object Repository/Page_Documents/input__notes_title'

2020-06-16 11:19:01 - [MESSAGE][PASSED] - Text 'Document test' is set on object 'Object Repository/Page_Documents/input__notes_title'

2020-06-16 11:19:01 - [TEST_STEP][PASSED] - click(findTestObject("Page_Documents/Created By")): Object: 'Object Repository/Page_Documents/Created By' is clicked on

2020-06-16 11:19:01 - [MESSAGE][PASSED] - Object: 'Object Repository/Page_Documents/Created By' is clicked on

2020-06-16 11:19:01 - [TEST_STEP][PASSED] - setText(findTestObject("Page_Documents/input Created By"), findTestData("D7").getValue(2, 1)): Text 'RIS System' is set on object 'Object Repository/Page_Documents/input Created By'

2020-06-16 11:19:03 - [MESSAGE][PASSED] - Text 'RIS System' is set on object 'Object Repository/Page_Documents/input Created By'

2020-06-16 11:19:03 - [TEST_STEP][PASSED] - sendKeys(findTestObject("Page_Documents/input Created By"), Keys.chord(ENTER)): Keys 'ENTER + ' sent to object: 'Object Repository/Page_Documents/input Created By'

2020-06-16 11:19:03 - [MESSAGE][PASSED] - Keys 'ENTER + ' sent to object: 'Object Repository/Page_Documents/input Created By'

2020-06-16 11:19:03 - [TEST_STEP][PASSED] - click(findTestObject("Page_Documents/calendar")): Object: 'Object Repository/Page_Documents/calendar' is clicked on

2020-06-16 11:19:04 - [MESSAGE][PASSED] - Object: 'Object Repository/Page_Documents/calendar' is clicked on

2020-06-16 11:19:04 - [TEST_STEP][PASSED] - setText(findTestObject("Page_Documents/input calendat"), findTestData("D7").getValue(3, 1)): Text 'Account' is set on object 'Object Repository/Page_Documents/input calendat'

2020-06-16 11:19:04 - [MESSAGE][PASSED] - Text 'Account' is set on object 'Object Repository/Page_Documents/input calendat'

2020-06-16 11:19:04 - [TEST_STEP][PASSED] - sendKeys(findTestObject("Page_Documents/input calendat"), Keys.chord(ENTER)): Keys 'ENTER + ' sent to object: 'Object Repository/Page_Documents/input calendat'

2020-06-16 11:19:05 - [MESSAGE][PASSED] - Keys 'ENTER + ' sent to object: 'Object Repository/Page_Documents/input calendat'

2020-06-16 11:19:05 - [TEST_STEP][PASSED] - click(findTestObject("Page_Documents/search add doc")): Object: 'Object Repository/Page_Documents/search add doc' is clicked on

2020-06-16 11:19:06 - [MESSAGE][PASSED] - Object: 'Object Repository/Page_Documents/search add doc' is clicked on

2020-06-16 11:19:06 - [TEST_STEP][PASSED] - switchToWindowTitle("Accounts"): Switched to window with title: 'Accounts'

2020-06-16 11:19:08 - [MESSAGE][PASSED] - Switched to window with title: 'Accounts'

2020-06-16 11:19:08 - [TEST_STEP][PASSED] - click(findTestObject("Page_Accounts/td_1400")): Object: 'Object Repository/Page_Accounts/td_1400' is clicked on

2020-06-16 11:19:08 - [MESSAGE][PASSED] - Object: 'Object Repository/Page_Accounts/td_1400' is clicked on

2020-06-16 11:19:08 - [TEST_STEP][PASSED] - switchToDefaultContent(): null

2020-06-16 11:19:10 - [TEST_STEP][PASSED] - click(findTestObject("Page_Documents/button_Save doc")): Object: 'Object Repository/Page_Documents/button_Save doc' is clicked on

2020-06-16 11:19:10 - [MESSAGE][PASSED] - Object: 'Object Repository/Page_Documents/button_Save doc' is clicked on]]></system-out>
         <system-err><![CDATA[]]></system-err>
      </testcase>
      <system-out><![CDATA[2020-06-16 11:18:35 - [TEST_SUITE][PASSED] - Usecase8: Test Cases/Test Case 12.0]]></system-out>
      <system-err><![CDATA[]]></system-err>
   </testsuite>
</testsuites>
