<?xml version="1.0" encoding="UTF-8"?>
<testsuites name="Usecase5" time="30.375" tests="3" failures="0" errors="0">
   <testsuite name="Usecase5" tests="3" failures="0" errors="0" time="30.375" timestamp="2020-06-16 08:28:35" hostname="WIN10 - DESKTOP-0NVCT6K" id="Test Suites/Usecase5">
      <properties>
         <property name="deviceName" value=""/>
         <property name="devicePlatform" value=""/>
         <property name="logFolder" value="C:\\Users\\WIN10\\git\\Account\\Reports\\20200616_082833\\Usecase5\\20200616_082833"/>
         <property name="logFiles" value="C:\\Users\\WIN10\\git\\Account\\Reports\\20200616_082833\\Usecase5\\20200616_082833\\execution0.log"/>
         <property name="attachments" value=""/>
         <property name="hostName" value="WIN10 - DESKTOP-0NVCT6K"/>
         <property name="os" value="Windows 10 64bit"/>
         <property name="katalonVersion" value="7.5.2.1"/>
         <property name="browser" value="Chrome 83.0.4103.97"/>
         <property name="hostAddress" value="192.168.1.2"/>
         <property name="sessionId" value="b3f14a8497a1cd37e2bdf61807384e6d"/>
         <property name="seleniumVersion" value="3.141.59"/>
         <property name="proxyInformation" value="ProxyInformation { proxyOption=NO_PROXY, proxyServerType=HTTP, username=, password=********, proxyServerAddress=, proxyServerPort=0, executionList=\&quot;\&quot;, isApplyToDesiredCapabilities=true }"/>
         <property name="platform" value="Windows 10"/>
      </properties>
      <testcase name="Test Cases/Test Case 1" time="10.377" classname="Test Cases/Test Case 1" status="PASSED">
         <system-out><![CDATA[2020-06-16 08:28:35 - [TEST_CASE][PASSED] - Test Cases/Test Case 1: Test Cases/Test Case 1

2020-06-16 08:28:35 - [TEST_STEP][PASSED] - openBrowser("http://crmc.opencloud.digital:64216/index.php"): Browser is opened with url: 'http://crmc.opencloud.digital:64216/index.php'

2020-06-16 08:28:35 - [MESSAGE][INFO] - Starting 'Chrome' driver

2020-06-16 08:28:35 - [MESSAGE][INFO] - Action delay is set to 0 milliseconds

2020-06-16 08:28:40 - [MESSAGE][PASSED] - Browser is opened with url: 'http://crmc.opencloud.digital:64216/index.php'

2020-06-16 08:28:40 - [TEST_STEP][PASSED] - maximizeWindow(): Current window maximized

2020-06-16 08:28:43 - [MESSAGE][PASSED] - Current window maximized

2020-06-16 08:28:43 - [TEST_STEP][PASSED] - setText(findTestObject("Login/input_User name_username"), findTestData("D1").getValue(1, 1)): Text 'Admin' is set on object 'Object Repository/Login/input_User name_username'

2020-06-16 08:28:43 - [MESSAGE][PASSED] - Text 'Admin' is set on object 'Object Repository/Login/input_User name_username'

2020-06-16 08:28:43 - [TEST_STEP][PASSED] - setText(findTestObject("Login/input_Password_password"), findTestData("D1").getValue(2, 1)): Text '1qaz2WSX3edc ' is set on object 'Object Repository/Login/input_Password_password'

2020-06-16 08:28:44 - [MESSAGE][PASSED] - Text '1qaz2WSX3edc ' is set on object 'Object Repository/Login/input_Password_password'

2020-06-16 08:28:44 - [TEST_STEP][PASSED] - click(findTestObject("Login/button_Sign in")): Object: 'Object Repository/Login/button_Sign in' is clicked on

2020-06-16 08:28:45 - [MESSAGE][PASSED] - Object: 'Object Repository/Login/button_Sign in' is clicked on]]></system-out>
         <system-err><![CDATA[]]></system-err>
      </testcase>
      <testcase name="Test Cases/Test Case 5" time="13.335" classname="Test Cases/Test Case 5" status="PASSED">
         <system-out><![CDATA[2020-06-16 08:28:45 - [TEST_CASE][PASSED] - Test Cases/Test Case 5: Test Cases/Test Case 5

2020-06-16 08:28:45 - [TEST_STEP][PASSED] - click(findTestObject("Page_Home/strong_Accounts")): Object: 'Object Repository/Page_Home/strong_Accounts' is clicked on

2020-06-16 08:28:49 - [MESSAGE][PASSED] - Object: 'Object Repository/Page_Home/strong_Accounts' is clicked on

2020-06-16 08:28:49 - [TEST_STEP][PASSED] - setText(findTestObject("Page_Accounts/Search Account Name"), findTestData("D4").getValue(1, 1)): Text 'บริษัท วี จี ไอ โกลบอล มีเดีย จำกัด (มหาชน) ' is set on object 'Object Repository/Page_Accounts/Search Account Name'

2020-06-16 08:28:50 - [MESSAGE][PASSED] - Text 'บริษัท วี จี ไอ โกลบอล มีเดีย จำกัด (มหาชน) ' is set on object 'Object Repository/Page_Accounts/Search Account Name'

2020-06-16 08:28:50 - [TEST_STEP][PASSED] - click(findTestObject("Page_Accounts/button_Search")): Object: 'Object Repository/Page_Accounts/button_Search' is clicked on

2020-06-16 08:28:51 - [MESSAGE][PASSED] - Object: 'Object Repository/Page_Accounts/button_Search' is clicked on

2020-06-16 08:28:51 - [TEST_STEP][PASSED] - click(findTestObject("Page_Accounts/click v g o")): Object: 'Object Repository/Page_Accounts/click v g o' is clicked on

2020-06-16 08:28:59 - [MESSAGE][PASSED] - Object: 'Object Repository/Page_Accounts/click v g o' is clicked on]]></system-out>
         <system-err><![CDATA[]]></system-err>
      </testcase>
      <testcase name="Test Cases/Test Case 8" time="5.845" classname="Test Cases/Test Case 8" status="PASSED">
         <system-out><![CDATA[2020-06-16 08:28:59 - [TEST_CASE][PASSED] - Test Cases/Test Case 8: Test Cases/Test Case 8

2020-06-16 08:28:59 - [TEST_STEP][PASSED] - click(findTestObject("Page_Accounts/button_Request Edit Account")): Object: 'Object Repository/Page_Accounts/button_Request Edit Account' is clicked on

2020-06-16 08:29:00 - [MESSAGE][PASSED] - Object: 'Object Repository/Page_Accounts/button_Request Edit Account' is clicked on

2020-06-16 08:29:00 - [TEST_STEP][PASSED] - click(findTestObject("Page_Accounts/button_Save request edit")): Object: 'Object Repository/Page_Accounts/button_Save request edit' is clicked on

2020-06-16 08:29:01 - [MESSAGE][PASSED] - Object: 'Object Repository/Page_Accounts/button_Save request edit' is clicked on

2020-06-16 08:29:01 - [TEST_STEP][PASSED] - delay(1): Delayed 1 second(s)

2020-06-16 08:29:02 - [MESSAGE][PASSED] - Delayed 1 second(s)

2020-06-16 08:29:02 - [TEST_STEP][PASSED] - setText(findTestObject("Page_Accounts/input__Remark"), findTestData("D5").getValue(2, 1)): Text 'Wrong selection' is set on object 'Object Repository/Page_Accounts/input__Remark'

2020-06-16 08:29:02 - [MESSAGE][PASSED] - Text 'Wrong selection' is set on object 'Object Repository/Page_Accounts/input__Remark'

2020-06-16 08:29:02 - [TEST_STEP][PASSED] - click(findTestObject("Page_Accounts/button_Save request edit")): Object: 'Object Repository/Page_Accounts/button_Save request edit' is clicked on

2020-06-16 08:29:02 - [MESSAGE][PASSED] - Object: 'Object Repository/Page_Accounts/button_Save request edit' is clicked on

2020-06-16 08:29:02 - [TEST_STEP][PASSED] - click(findTestObject("Page_Accounts/request edit a_Yes")): Object: 'Object Repository/Page_Accounts/request edit a_Yes' is clicked on

2020-06-16 08:29:04 - [MESSAGE][PASSED] - Object: 'Object Repository/Page_Accounts/request edit a_Yes' is clicked on]]></system-out>
         <system-err><![CDATA[]]></system-err>
      </testcase>
      <system-out><![CDATA[2020-06-16 08:28:35 - [TEST_SUITE][PASSED] - Usecase5: Test Cases/Test Case 8]]></system-out>
      <system-err><![CDATA[]]></system-err>
   </testsuite>
</testsuites>
