<?xml version="1.0" encoding="UTF-8"?>
<testsuites name="Usecase7" time="30.362" tests="3" failures="0" errors="0">
   <testsuite name="Usecase7" tests="3" failures="0" errors="0" time="30.362" timestamp="2020-06-16 08:48:07" hostname="WIN10 - DESKTOP-0NVCT6K" id="Test Suites/Usecase7">
      <properties>
         <property name="deviceName" value=""/>
         <property name="devicePlatform" value=""/>
         <property name="logFolder" value="C:\\Users\\WIN10\\git\\Account\\Reports\\20200616_084805\\Usecase7\\20200616_084805"/>
         <property name="logFiles" value="C:\\Users\\WIN10\\git\\Account\\Reports\\20200616_084805\\Usecase7\\20200616_084805\\execution0.log"/>
         <property name="attachments" value=""/>
         <property name="hostName" value="WIN10 - DESKTOP-0NVCT6K"/>
         <property name="os" value="Windows 10 64bit"/>
         <property name="katalonVersion" value="7.5.2.1"/>
         <property name="browser" value="Chrome 83.0.4103.97"/>
         <property name="hostAddress" value="192.168.1.2"/>
         <property name="sessionId" value="7281864fecb4cd2285056a373274b9d0"/>
         <property name="seleniumVersion" value="3.141.59"/>
         <property name="proxyInformation" value="ProxyInformation { proxyOption=NO_PROXY, proxyServerType=HTTP, username=, password=********, proxyServerAddress=, proxyServerPort=0, executionList=\&quot;\&quot;, isApplyToDesiredCapabilities=true }"/>
         <property name="platform" value="Windows 10"/>
      </properties>
      <testcase name="Test Cases/Test Case 1" time="9.967" classname="Test Cases/Test Case 1" status="PASSED">
         <system-out><![CDATA[2020-06-16 08:48:07 - [TEST_CASE][PASSED] - Test Cases/Test Case 1: Test Cases/Test Case 1

2020-06-16 08:48:08 - [TEST_STEP][PASSED] - openBrowser("http://crmc.opencloud.digital:64216/index.php"): Browser is opened with url: 'http://crmc.opencloud.digital:64216/index.php'

2020-06-16 08:48:08 - [MESSAGE][INFO] - Starting 'Chrome' driver

2020-06-16 08:48:08 - [MESSAGE][INFO] - Action delay is set to 0 milliseconds

2020-06-16 08:48:13 - [MESSAGE][PASSED] - Browser is opened with url: 'http://crmc.opencloud.digital:64216/index.php'

2020-06-16 08:48:13 - [TEST_STEP][PASSED] - maximizeWindow(): Current window maximized

2020-06-16 08:48:15 - [MESSAGE][PASSED] - Current window maximized

2020-06-16 08:48:15 - [TEST_STEP][PASSED] - setText(findTestObject("Login/input_User name_username"), findTestData("D1").getValue(1, 1)): Text 'Admin' is set on object 'Object Repository/Login/input_User name_username'

2020-06-16 08:48:15 - [MESSAGE][PASSED] - Text 'Admin' is set on object 'Object Repository/Login/input_User name_username'

2020-06-16 08:48:15 - [TEST_STEP][PASSED] - setText(findTestObject("Login/input_Password_password"), findTestData("D1").getValue(2, 1)): Text '1qaz2WSX3edc ' is set on object 'Object Repository/Login/input_Password_password'

2020-06-16 08:48:16 - [MESSAGE][PASSED] - Text '1qaz2WSX3edc ' is set on object 'Object Repository/Login/input_Password_password'

2020-06-16 08:48:16 - [TEST_STEP][PASSED] - click(findTestObject("Login/button_Sign in")): Object: 'Object Repository/Login/button_Sign in' is clicked on

2020-06-16 08:48:17 - [MESSAGE][PASSED] - Object: 'Object Repository/Login/button_Sign in' is clicked on]]></system-out>
         <system-err><![CDATA[]]></system-err>
      </testcase>
      <testcase name="Test Cases/Test Case 5" time="11.849" classname="Test Cases/Test Case 5" status="PASSED">
         <system-out><![CDATA[2020-06-16 08:48:17 - [TEST_CASE][PASSED] - Test Cases/Test Case 5: Test Cases/Test Case 5

2020-06-16 08:48:18 - [TEST_STEP][PASSED] - click(findTestObject("Page_Home/strong_Accounts")): Object: 'Object Repository/Page_Home/strong_Accounts' is clicked on

2020-06-16 08:48:21 - [MESSAGE][PASSED] - Object: 'Object Repository/Page_Home/strong_Accounts' is clicked on

2020-06-16 08:48:21 - [TEST_STEP][PASSED] - setText(findTestObject("Page_Accounts/Search Account Name"), findTestData("D4").getValue(1, 1)): Text 'บริษัท วี จี ไอ โกลบอล มีเดีย จำกัด (มหาชน) ' is set on object 'Object Repository/Page_Accounts/Search Account Name'

2020-06-16 08:48:23 - [MESSAGE][PASSED] - Text 'บริษัท วี จี ไอ โกลบอล มีเดีย จำกัด (มหาชน) ' is set on object 'Object Repository/Page_Accounts/Search Account Name'

2020-06-16 08:48:23 - [TEST_STEP][PASSED] - click(findTestObject("Page_Accounts/button_Search")): Object: 'Object Repository/Page_Accounts/button_Search' is clicked on

2020-06-16 08:48:23 - [MESSAGE][PASSED] - Object: 'Object Repository/Page_Accounts/button_Search' is clicked on

2020-06-16 08:48:23 - [TEST_STEP][PASSED] - click(findTestObject("Page_Accounts/click v g o")): Object: 'Object Repository/Page_Accounts/click v g o' is clicked on

2020-06-16 08:48:29 - [MESSAGE][PASSED] - Object: 'Object Repository/Page_Accounts/click v g o' is clicked on]]></system-out>
         <system-err><![CDATA[]]></system-err>
      </testcase>
      <testcase name="Test Cases/Test Case 11" time="7.646" classname="Test Cases/Test Case 11" status="PASSED">
         <system-out><![CDATA[2020-06-16 08:48:29 - [TEST_CASE][PASSED] - Test Cases/Test Case 11: Test Cases/Test Case 11

2020-06-16 08:48:29 - [TEST_STEP][PASSED] - click(findTestObject("Page_Accounts/button_More account")): Object: 'Object Repository/Page_Accounts/button_More account' is clicked on

2020-06-16 08:48:31 - [MESSAGE][PASSED] - Object: 'Object Repository/Page_Accounts/button_More account' is clicked on

2020-06-16 08:48:31 - [TEST_STEP][PASSED] - click(findTestObject("Page_Accounts/a_Duplicate account")): Object: 'Object Repository/Page_Accounts/a_Duplicate account' is clicked on

2020-06-16 08:48:32 - [MESSAGE][PASSED] - Object: 'Object Repository/Page_Accounts/a_Duplicate account' is clicked on

2020-06-16 08:48:32 - [TEST_STEP][PASSED] - click(findTestObject("Page_Accounts/button_Save duplicate")): Object: 'Object Repository/Page_Accounts/button_Save duplicate' is clicked on

2020-06-16 08:48:33 - [MESSAGE][PASSED] - Object: 'Object Repository/Page_Accounts/button_Save duplicate' is clicked on

2020-06-16 08:48:33 - [TEST_STEP][PASSED] - click(findTestObject("Page_Accounts/Duplicate a_Yes")): Object: 'Object Repository/Page_Accounts/Duplicate a_Yes' is clicked on

2020-06-16 08:48:37 - [MESSAGE][PASSED] - Object: 'Object Repository/Page_Accounts/Duplicate a_Yes' is clicked on]]></system-out>
         <system-err><![CDATA[]]></system-err>
      </testcase>
      <system-out><![CDATA[2020-06-16 08:48:07 - [TEST_SUITE][PASSED] - Usecase7: Test Cases/Test Case 11]]></system-out>
      <system-err><![CDATA[]]></system-err>
   </testsuite>
</testsuites>
